Class.forName;java.awt.font.TextAttribute;sun.text.bidi.BidiBase$TextAttributeConstants.getClass;3471;;
Class.forName;java.awt.image.AffineTransformOp;sun.awt.image.ImagingLib.<clinit>;124;;
Class.forName;java.awt.image.ConvolveOp;sun.awt.image.ImagingLib.<clinit>;130;;
Class.forName;java.awt.image.LookupOp;sun.awt.image.ImagingLib.<clinit>;118;;
Class.forName;java.net.Inet6AddressImpl;java.net.InetAddress.loadImpl;1570;;
Class.forName;java.security.MessageDigestSpi;java.security.Security.getSpiClass;652;;
Class.forName;java.util.logging.LoggingProxyImpl;sun.util.logging.LoggingSupport$1.run;54;;
Class.forName;javax.crypto.JarVerifier;sun.misc.PostVMInitHook.checkJarVerifierClassVersion;38;;
Class.forName;org.apache.batik.apps.rasterizer.Main;org.dacapo.harness.Batik.<init>;28;;
Class.forName;org.apache.batik.css.parser.Parser;org.apache.batik.dom.ExtensibleDOMImplementation.createCSSEngine;172;;
Class.forName;org.apache.batik.ext.awt.image.codec.png.PNGTranscoderInternalCodecWriteAdapter;org.apache.batik.transcoder.image.PNGTranscoder.getWriteAdapter;65;;
Class.forName;org.apache.crimson.parser.Parser2;org.apache.crimson.parser.Parser2$Catalog.class$;3306;;
Class.forName;org.dacapo.harness.Batik;org.dacapo.harness.TestHarness.findClass;248;;
Class.forName;sun.awt.CGraphicsEnvironment;java.awt.GraphicsEnvironment.createGE;103;;
Class.forName;sun.dc.DuctusRenderingEngine;sun.java2d.pipe.RenderingEngine$1.run;128;;
Class.forName;sun.font.CFontManager;sun.font.FontManagerFactory$1.run;82;;
Class.forName;sun.lwawt.macosx.LWCToolkit;java.awt.Toolkit$2.run;856;;
Class.forName;sun.net.www.protocol.jar.Handler;java.net.URL.getURLStreamHandler;1222;;
Class.forName;sun.security.provider.SHA;java.security.Provider$Service.getImplClass;1736;;
Class.forName;sun.util.logging.PlatformLogger$DefaultLoggerProxy;sun.util.logging.PlatformLogger.<clinit>;174;;
Class.forName;sun.util.logging.PlatformLogger$JavaLoggerProxy;sun.util.logging.PlatformLogger.<clinit>;177;;
Class.newInstance;java.net.Inet6AddressImpl;java.net.InetAddress.loadImpl;1570;;
Class.newInstance;org.apache.batik.css.parser.Parser;org.apache.batik.dom.ExtensibleDOMImplementation.createCSSEngine;172;;
Class.newInstance;org.apache.batik.ext.awt.image.codec.jpeg.JPEGRegistryEntry;org.apache.batik.util.Service.providers;123;;
Class.newInstance;org.apache.batik.ext.awt.image.codec.png.PNGRegistryEntry;org.apache.batik.util.Service.providers;123;;
Class.newInstance;org.apache.batik.ext.awt.image.codec.png.PNGTranscoderInternalCodecWriteAdapter;org.apache.batik.transcoder.image.PNGTranscoder.getWriteAdapter;66;;
Class.newInstance;org.apache.batik.ext.awt.image.codec.tiff.TIFFRegistryEntry;org.apache.batik.util.Service.providers;123;;
Class.newInstance;org.apache.batik.extension.svg.BatikBridgeExtension;org.apache.batik.util.Service.providers;123;;
Class.newInstance;org.apache.batik.extension.svg.BatikDomExtension;org.apache.batik.util.Service.providers;123;;
Class.newInstance;org.apache.batik.script.rhino.RhinoInterpreterFactory;org.apache.batik.util.Service.providers;123;;
Class.newInstance;org.apache.crimson.jaxp.SAXParserFactoryImpl;javax.xml.parsers.FactoryFinder.newInstance;;;
Class.newInstance;sun.awt.CGraphicsEnvironment;java.awt.GraphicsEnvironment.createGE;110;;
Class.newInstance;sun.awt.resources.awt;java.util.ResourceBundle$Control.newBundle;2662;;
Class.newInstance;sun.awt.resources.awtosx;java.util.ResourceBundle$Control.newBundle;2662;;
Class.newInstance;sun.dc.DuctusRenderingEngine;sun.java2d.pipe.RenderingEngine$1.run;129;;
Class.newInstance;sun.font.CFontManager;sun.font.FontManagerFactory$1.run;83;;
Class.newInstance;sun.lwawt.macosx.LWCToolkit;java.awt.Toolkit$2.run;869;;
Class.newInstance;sun.net.www.protocol.jar.Handler;java.net.URL.getURLStreamHandler;1231;;
Class.newInstance;sun.security.provider.Sun;sun.security.jca.ProviderConfig$2.run;221;;
Class.newInstance;sun.util.logging.resources.logging;java.util.ResourceBundle$Control.newBundle;2662;;
Constructor.newInstance;<java.net.Inet6AddressImpl: void <init>()>;java.lang.Class.newInstance;;isAccessible=true;
Constructor.newInstance;<org.apache.batik.apps.rasterizer.Main: void <init>(java.lang.String[])>;org.dacapo.harness.Batik.iterate;40;isAccessible=false;
Constructor.newInstance;<org.apache.batik.css.parser.Parser: void <init>()>;java.lang.Class.newInstance;;isAccessible=true;
Constructor.newInstance;<org.apache.batik.ext.awt.image.codec.jpeg.JPEGRegistryEntry: void <init>()>;java.lang.Class.newInstance;;isAccessible=true;
Constructor.newInstance;<org.apache.batik.ext.awt.image.codec.png.PNGRegistryEntry: void <init>()>;java.lang.Class.newInstance;;isAccessible=true;
Constructor.newInstance;<org.apache.batik.ext.awt.image.codec.png.PNGTranscoderInternalCodecWriteAdapter: void <init>()>;java.lang.Class.newInstance;;isAccessible=true;
Constructor.newInstance;<org.apache.batik.ext.awt.image.codec.tiff.TIFFRegistryEntry: void <init>()>;java.lang.Class.newInstance;;isAccessible=true;
Constructor.newInstance;<org.apache.batik.extension.svg.BatikBridgeExtension: void <init>()>;java.lang.Class.newInstance;;isAccessible=true;
Constructor.newInstance;<org.apache.batik.extension.svg.BatikDomExtension: void <init>()>;java.lang.Class.newInstance;;isAccessible=true;
Constructor.newInstance;<org.apache.batik.script.rhino.RhinoInterpreterFactory: void <init>()>;java.lang.Class.newInstance;;isAccessible=true;
Constructor.newInstance;<org.apache.crimson.jaxp.SAXParserFactoryImpl: void <init>()>;java.lang.Class.newInstance;;isAccessible=true;
Constructor.newInstance;<org.dacapo.harness.Batik: void <init>(org.dacapo.parser.Config,java.io.File)>;org.dacapo.harness.TestHarness.runBenchmark;192;isAccessible=false;
Constructor.newInstance;<sun.awt.CGraphicsEnvironment: void <init>()>;java.lang.Class.newInstance;;isAccessible=true;
Constructor.newInstance;<sun.awt.resources.awt: void <init>()>;java.lang.Class.newInstance;;isAccessible=true;
Constructor.newInstance;<sun.awt.resources.awtosx: void <init>()>;java.lang.Class.newInstance;;isAccessible=true;
Constructor.newInstance;<sun.dc.DuctusRenderingEngine: void <init>()>;java.lang.Class.newInstance;;isAccessible=true;
Constructor.newInstance;<sun.font.CFontManager: void <init>()>;java.lang.Class.newInstance;;isAccessible=true;
Constructor.newInstance;<sun.lwawt.macosx.LWCToolkit: void <init>()>;java.lang.Class.newInstance;;isAccessible=true;
Constructor.newInstance;<sun.net.www.protocol.jar.Handler: void <init>()>;java.lang.Class.newInstance;;isAccessible=true;
Constructor.newInstance;<sun.security.provider.SHA: void <init>()>;java.security.Provider$Service.newInstance;1697;isAccessible=false;
Constructor.newInstance;<sun.security.provider.Sun: void <init>()>;java.lang.Class.newInstance;;isAccessible=true;
Constructor.newInstance;<sun.util.logging.resources.logging: void <init>()>;java.lang.Class.newInstance;;isAccessible=true;
Field.get*;<java.awt.font.TextAttribute: java.awt.font.TextAttribute BIDI_EMBEDDING>;sun.text.bidi.BidiBase$TextAttributeConstants.getStaticField;3480;isAccessible=false;
Field.get*;<java.awt.font.TextAttribute: java.awt.font.TextAttribute NUMERIC_SHAPING>;sun.text.bidi.BidiBase$TextAttributeConstants.getStaticField;3480;isAccessible=false;
Field.get*;<java.awt.font.TextAttribute: java.awt.font.TextAttribute RUN_DIRECTION>;sun.text.bidi.BidiBase$TextAttributeConstants.getStaticField;3480;isAccessible=false;
Field.get*;<java.awt.font.TextAttribute: java.lang.Boolean RUN_DIRECTION_LTR>;sun.text.bidi.BidiBase$TextAttributeConstants.getStaticField;3480;isAccessible=false;
Field.get*;<java.util.logging.LoggingProxyImpl: sun.util.logging.LoggingProxy INSTANCE>;sun.util.logging.LoggingSupport$1.run;57;isAccessible=true;
Field.set*;<java.lang.invoke.BoundMethodHandle$Species_L3: java.lang.invoke.BoundMethodHandle$SpeciesData SPECIES_DATA>;java.lang.invoke.BoundMethodHandle$Factory.setSpeciesDataToConcreteBMHClass;792;isAccessible=false;
Field.set*;<java.lang.invoke.BoundMethodHandle$Species_L4: java.lang.invoke.BoundMethodHandle$SpeciesData SPECIES_DATA>;java.lang.invoke.BoundMethodHandle$Factory.setSpeciesDataToConcreteBMHClass;792;isAccessible=false;
Field.set*;<java.lang.invoke.BoundMethodHandle$Species_LL: java.lang.invoke.BoundMethodHandle$SpeciesData SPECIES_DATA>;java.lang.invoke.BoundMethodHandle$Factory.setSpeciesDataToConcreteBMHClass;792;isAccessible=false;
Method.invoke;<org.apache.batik.apps.rasterizer.Main: void execute()>;org.dacapo.harness.Batik.iterate;41;isAccessible=false;
Method.invoke;<org.dacapo.harness.TestHarness: void main(java.lang.String[])>;Harness.main;;isAccessible=false;
Method.invoke;<sun.font.EAttribute: sun.font.EAttribute[] values()>;java.lang.Class.getEnumConstantsShared;;isAccessible=true;
